<?xml version="1.0" encoding="UTF-8"?>
<testng-results skipped="0" failed="2" ignored="6" total="9" passed="1">
  <reporter-output>
    <line>
      <![CDATA[------------Started Suite execution-----------]]>
    </line>
    <line>
      <![CDATA[---------- Started Execution of USer story--------]]>
    </line>
    <line>
      <![CDATA[---------- Ended Execution of USer story--------]]>
    </line>
    <line>
      <![CDATA[---------- Started Execution of USer story--------]]>
    </line>
    <line>
      <![CDATA[---------- Ended Execution of USer story--------]]>
    </line>
    <line>
      <![CDATA[---------- Started Execution of USer story--------]]>
    </line>
    <line>
      <![CDATA[---------- Ended Execution of USer story--------]]>
    </line>
    <line>
      <![CDATA[------------Ended Suite execution-------------]]>
    </line>
  </reporter-output>
  <suite name="Default suite" duration-ms="92870" started-at="2018-04-02T16:52:51Z" finished-at="2018-04-02T16:54:24Z">
    <groups>
    </groups>
    <test name="Default test" duration-ms="92870" started-at="2018-04-02T16:52:51Z" finished-at="2018-04-02T16:54:24Z">
      <class name="com.clusters.test.smoke.TestLoginS13879">
        <test-method status="PASS" signature="beforeClass()[pri:0, instance:com.clusters.test.smoke.TestLoginS13879@5e3a8624]" name="beforeClass" is-config="true" duration-ms="0" started-at="2018-04-02T16:52:51Z" finished-at="2018-04-02T16:52:51Z">
          <reporter-output>
            <line>
              <![CDATA[---------- Started Execution of USer story--------]]>
            </line>
          </reporter-output>
        </test-method> <!-- beforeClass -->
        <test-method status="PASS" signature="preCOndition()[pri:0, instance:com.clusters.test.smoke.TestLoginS13879@5e3a8624]" name="preCOndition" is-config="true" duration-ms="18583" started-at="2018-04-02T16:52:51Z" finished-at="2018-04-02T16:53:09Z">
          <reporter-output>
          </reporter-output>
        </test-method> <!-- preCOndition -->
        <test-method status="FAIL" signature="testLoginInvalidTC18965()[pri:0, instance:com.clusters.test.smoke.TestLoginS13879@5e3a8624]" name="testLoginInvalidTC18965" duration-ms="30178" started-at="2018-04-02T16:53:09Z" finished-at="2018-04-02T16:53:40Z">
          <exception class="org.openqa.selenium.TimeoutException">
            <message>
              <![CDATA[Expected condition failed: waiting for visibility of element located by By.name: LoginForm (tried for 20 second(s) with 500 milliseconds interval)]]>
            </message>
            <full-stacktrace>
              <![CDATA[org.openqa.selenium.TimeoutException: Expected condition failed: waiting for visibility of element located by By.name: LoginForm (tried for 20 second(s) with 500 milliseconds interval)
at org.openqa.selenium.support.ui.WebDriverWait.timeoutException(WebDriverWait.java:81)
at org.openqa.selenium.support.ui.FluentWait.until(FluentWait.java:271)
at com.clusters.ui.repo.LoginPage.waitForLoginPageToLoad(LoginPage.java:37)
at com.clusters.test.smoke.TestLoginS13879.testLoginInvalidTC18965(TestLoginS13879.java:29)
at sun.reflect.NativeMethodAccessorImpl.invoke0(Native Method)
at sun.reflect.NativeMethodAccessorImpl.invoke(Unknown Source)
at sun.reflect.DelegatingMethodAccessorImpl.invoke(Unknown Source)
at java.lang.reflect.Method.invoke(Unknown Source)
at org.testng.internal.MethodInvocationHelper.invokeMethod(MethodInvocationHelper.java:124)
at org.testng.internal.Invoker.invokeMethod(Invoker.java:580)
at org.testng.internal.Invoker.invokeTestMethod(Invoker.java:716)
at org.testng.internal.Invoker.invokeTestMethods(Invoker.java:988)
at org.testng.internal.TestMethodWorker.invokeTestMethods(TestMethodWorker.java:125)
at org.testng.internal.TestMethodWorker.run(TestMethodWorker.java:109)
at org.testng.TestRunner.privateRun(TestRunner.java:648)
at org.testng.TestRunner.run(TestRunner.java:505)
at org.testng.SuiteRunner.runTest(SuiteRunner.java:455)
at org.testng.SuiteRunner.runSequentially(SuiteRunner.java:450)
at org.testng.SuiteRunner.privateRun(SuiteRunner.java:415)
at org.testng.SuiteRunner.run(SuiteRunner.java:364)
at org.testng.SuiteRunnerWorker.runSuite(SuiteRunnerWorker.java:52)
at org.testng.SuiteRunnerWorker.run(SuiteRunnerWorker.java:84)
at org.testng.TestNG.runSuitesSequentially(TestNG.java:1208)
at org.testng.TestNG.runSuitesLocally(TestNG.java:1137)
at org.testng.TestNG.runSuites(TestNG.java:1049)
at org.testng.TestNG.run(TestNG.java:1017)
at org.testng.remote.AbstractRemoteTestNG.run(AbstractRemoteTestNG.java:114)
at org.testng.remote.RemoteTestNG.initAndRun(RemoteTestNG.java:251)
at org.testng.remote.RemoteTestNG.main(RemoteTestNG.java:77)
Caused by: org.openqa.selenium.NoSuchElementException: Cannot locate an element using By.name: LoginForm
For documentation on this error, please visit: http://seleniumhq.org/exceptions/no_such_element.html
Build info: version: '3.11.0', revision: 'e59cfb3', time: '2018-03-11T20:33:08.638Z'
System info: host: 'SWATHI', ip: '192.168.0.101', os.name: 'Windows 7', os.arch: 'amd64', os.version: '6.1', java.version: '1.8.0_144'
Driver info: driver.version: unknown
at org.openqa.selenium.support.ui.ExpectedConditions.lambda$findElement$0(ExpectedConditions.java:896)
at java.util.Optional.orElseThrow(Unknown Source)
at org.openqa.selenium.support.ui.ExpectedConditions.findElement(ExpectedConditions.java:895)
at org.openqa.selenium.support.ui.ExpectedConditions.access$000(ExpectedConditions.java:44)
at org.openqa.selenium.support.ui.ExpectedConditions$7.apply(ExpectedConditions.java:206)
at org.openqa.selenium.support.ui.ExpectedConditions$7.apply(ExpectedConditions.java:202)
at org.openqa.selenium.support.ui.FluentWait.until(FluentWait.java:248)
... 27 more
]]>
            </full-stacktrace>
          </exception> <!-- org.openqa.selenium.TimeoutException -->
          <reporter-output>
          </reporter-output>
        </test-method> <!-- testLoginInvalidTC18965 -->
        <test-method status="PASS" signature="postCondition()[pri:0, instance:com.clusters.test.smoke.TestLoginS13879@5e3a8624]" name="postCondition" is-config="true" duration-ms="82" started-at="2018-04-02T16:53:40Z" finished-at="2018-04-02T16:53:40Z">
          <reporter-output>
          </reporter-output>
        </test-method> <!-- postCondition -->
        <test-method status="PASS" signature="afterClass()[pri:0, instance:com.clusters.test.smoke.TestLoginS13879@5e3a8624]" name="afterClass" is-config="true" duration-ms="0" started-at="2018-04-02T16:53:40Z" finished-at="2018-04-02T16:53:40Z">
          <reporter-output>
            <line>
              <![CDATA[---------- Ended Execution of USer story--------]]>
            </line>
          </reporter-output>
        </test-method> <!-- afterClass -->
      </class> <!-- com.clusters.test.smoke.TestLoginS13879 -->
      <class name="com.clusters.test.config.TestConfiguration">
        <test-method status="PASS" signature="beforeSuite()[pri:0, instance:com.clusters.test.config.TestConfiguration@1bce4f0a]" name="beforeSuite" is-config="true" duration-ms="10" started-at="2018-04-02T16:52:51Z" finished-at="2018-04-02T16:52:51Z">
          <reporter-output>
            <line>
              <![CDATA[------------Started Suite execution-----------]]>
            </line>
          </reporter-output>
        </test-method> <!-- beforeSuite -->
        <test-method status="PASS" signature="afterSuite()[pri:0, instance:com.clusters.test.config.TestConfiguration@1bce4f0a]" name="afterSuite" is-config="true" duration-ms="0" started-at="2018-04-02T16:54:24Z" finished-at="2018-04-02T16:54:24Z">
          <reporter-output>
            <line>
              <![CDATA[------------Ended Suite execution-------------]]>
            </line>
          </reporter-output>
        </test-method> <!-- afterSuite -->
      </class> <!-- com.clusters.test.config.TestConfiguration -->
      <class name="com.clusters.test.regression.TestNGClass1">
        <test-method status="PASS" signature="beforeClass()[pri:0, instance:com.clusters.test.regression.TestNGClass1@5c3bd550]" name="beforeClass" is-config="true" duration-ms="0" started-at="2018-04-02T16:53:40Z" finished-at="2018-04-02T16:53:40Z">
          <reporter-output>
            <line>
              <![CDATA[---------- Started Execution of USer story--------]]>
            </line>
          </reporter-output>
        </test-method> <!-- beforeClass -->
        <test-method status="PASS" signature="test12()[pri:0, instance:com.clusters.test.regression.TestNGClass1@5c3bd550]" name="test12" duration-ms="0" started-at="2018-04-02T16:53:40Z" finished-at="2018-04-02T16:53:40Z">
          <reporter-output>
          </reporter-output>
        </test-method> <!-- test12 -->
        <test-method status="PASS" signature="afterClass()[pri:0, instance:com.clusters.test.regression.TestNGClass1@5c3bd550]" name="afterClass" is-config="true" duration-ms="0" started-at="2018-04-02T16:53:40Z" finished-at="2018-04-02T16:53:40Z">
          <reporter-output>
            <line>
              <![CDATA[---------- Ended Execution of USer story--------]]>
            </line>
          </reporter-output>
        </test-method> <!-- afterClass -->
      </class> <!-- com.clusters.test.regression.TestNGClass1 -->
      <class name="com.clusters.test.smoke.TestLoginU18567">
        <test-method status="PASS" signature="beforeClass()[pri:0, instance:com.clusters.test.smoke.TestLoginU18567@91161c7]" name="beforeClass" is-config="true" duration-ms="0" started-at="2018-04-02T16:53:40Z" finished-at="2018-04-02T16:53:40Z">
          <reporter-output>
            <line>
              <![CDATA[---------- Started Execution of USer story--------]]>
            </line>
          </reporter-output>
        </test-method> <!-- beforeClass -->
        <test-method status="PASS" signature="preCondition()[pri:0, instance:com.clusters.test.smoke.TestLoginU18567@91161c7]" name="preCondition" is-config="true" duration-ms="13639" started-at="2018-04-02T16:53:40Z" finished-at="2018-04-02T16:53:53Z">
          <reporter-output>
          </reporter-output>
        </test-method> <!-- preCondition -->
        <test-method status="FAIL" signature="testLoginInvalidTC15679()[pri:0, instance:com.clusters.test.smoke.TestLoginU18567@91161c7]" name="testLoginInvalidTC15679" duration-ms="30070" started-at="2018-04-02T16:53:53Z" finished-at="2018-04-02T16:54:23Z">
          <exception class="org.openqa.selenium.TimeoutException">
            <message>
              <![CDATA[Expected condition failed: waiting for visibility of element located by By.name: LoginForm (tried for 20 second(s) with 500 milliseconds interval)]]>
            </message>
            <full-stacktrace>
              <![CDATA[org.openqa.selenium.TimeoutException: Expected condition failed: waiting for visibility of element located by By.name: LoginForm (tried for 20 second(s) with 500 milliseconds interval)
at org.openqa.selenium.support.ui.WebDriverWait.timeoutException(WebDriverWait.java:81)
at org.openqa.selenium.support.ui.FluentWait.until(FluentWait.java:271)
at com.clusters.ui.repo.LoginPage.waitForLoginPageToLoad(LoginPage.java:37)
at com.clusters.test.smoke.TestLoginU18567.testLoginInvalidTC15679(TestLoginU18567.java:27)
at sun.reflect.NativeMethodAccessorImpl.invoke0(Native Method)
at sun.reflect.NativeMethodAccessorImpl.invoke(Unknown Source)
at sun.reflect.DelegatingMethodAccessorImpl.invoke(Unknown Source)
at java.lang.reflect.Method.invoke(Unknown Source)
at org.testng.internal.MethodInvocationHelper.invokeMethod(MethodInvocationHelper.java:124)
at org.testng.internal.Invoker.invokeMethod(Invoker.java:580)
at org.testng.internal.Invoker.invokeTestMethod(Invoker.java:716)
at org.testng.internal.Invoker.invokeTestMethods(Invoker.java:988)
at org.testng.internal.TestMethodWorker.invokeTestMethods(TestMethodWorker.java:125)
at org.testng.internal.TestMethodWorker.run(TestMethodWorker.java:109)
at org.testng.TestRunner.privateRun(TestRunner.java:648)
at org.testng.TestRunner.run(TestRunner.java:505)
at org.testng.SuiteRunner.runTest(SuiteRunner.java:455)
at org.testng.SuiteRunner.runSequentially(SuiteRunner.java:450)
at org.testng.SuiteRunner.privateRun(SuiteRunner.java:415)
at org.testng.SuiteRunner.run(SuiteRunner.java:364)
at org.testng.SuiteRunnerWorker.runSuite(SuiteRunnerWorker.java:52)
at org.testng.SuiteRunnerWorker.run(SuiteRunnerWorker.java:84)
at org.testng.TestNG.runSuitesSequentially(TestNG.java:1208)
at org.testng.TestNG.runSuitesLocally(TestNG.java:1137)
at org.testng.TestNG.runSuites(TestNG.java:1049)
at org.testng.TestNG.run(TestNG.java:1017)
at org.testng.remote.AbstractRemoteTestNG.run(AbstractRemoteTestNG.java:114)
at org.testng.remote.RemoteTestNG.initAndRun(RemoteTestNG.java:251)
at org.testng.remote.RemoteTestNG.main(RemoteTestNG.java:77)
Caused by: org.openqa.selenium.NoSuchElementException: Cannot locate an element using By.name: LoginForm
For documentation on this error, please visit: http://seleniumhq.org/exceptions/no_such_element.html
Build info: version: '3.11.0', revision: 'e59cfb3', time: '2018-03-11T20:33:08.638Z'
System info: host: 'SWATHI', ip: '192.168.0.101', os.name: 'Windows 7', os.arch: 'amd64', os.version: '6.1', java.version: '1.8.0_144'
Driver info: driver.version: unknown
at org.openqa.selenium.support.ui.ExpectedConditions.lambda$findElement$0(ExpectedConditions.java:896)
at java.util.Optional.orElseThrow(Unknown Source)
at org.openqa.selenium.support.ui.ExpectedConditions.findElement(ExpectedConditions.java:895)
at org.openqa.selenium.support.ui.ExpectedConditions.access$000(ExpectedConditions.java:44)
at org.openqa.selenium.support.ui.ExpectedConditions$7.apply(ExpectedConditions.java:206)
at org.openqa.selenium.support.ui.ExpectedConditions$7.apply(ExpectedConditions.java:202)
at org.openqa.selenium.support.ui.FluentWait.until(FluentWait.java:248)
... 27 more
]]>
            </full-stacktrace>
          </exception> <!-- org.openqa.selenium.TimeoutException -->
          <reporter-output>
          </reporter-output>
        </test-method> <!-- testLoginInvalidTC15679 -->
        <test-method status="PASS" signature="postCondition()[pri:0, instance:com.clusters.test.smoke.TestLoginU18567@91161c7]" name="postCondition" is-config="true" duration-ms="252" started-at="2018-04-02T16:54:23Z" finished-at="2018-04-02T16:54:24Z">
          <reporter-output>
          </reporter-output>
        </test-method> <!-- postCondition -->
        <test-method status="PASS" signature="afterClass()[pri:0, instance:com.clusters.test.smoke.TestLoginU18567@91161c7]" name="afterClass" is-config="true" duration-ms="0" started-at="2018-04-02T16:54:24Z" finished-at="2018-04-02T16:54:24Z">
          <reporter-output>
            <line>
              <![CDATA[---------- Ended Execution of USer story--------]]>
            </line>
          </reporter-output>
        </test-method> <!-- afterClass -->
      </class> <!-- com.clusters.test.smoke.TestLoginU18567 -->
    </test> <!-- Default test -->
  </suite> <!-- Default suite -->
</testng-results>
